<?xml version="1.0" encoding="UTF-8"?>
<!-- Generated by org.testng.reporters.JUnitReportReporter -->
<testsuite hostname="DESKTOP-T6HCSIM" failures="0" tests="3" name="TestCases.LoginTest" time="2.482" errors="0" timestamp="14 Oct 2023 05:33:31 GMT">
  <testcase classname="TestCases.LoginTest" name="loginByFacebook" time="0.003"/>
  <testcase classname="TestCases.LoginTest" name="loginTest" time="2.469"/>
  <testcase classname="TestCases.LoginTest" name="loginByEmail" time="0.010"/>
</testsuite> <!-- TestCases.LoginTest -->
